<?xml version="1.0" encoding="UTF-8"?>
<testsuite xmlns:xsi="http://www.w3.org/2001/XMLSchema-instance" xsi:noNamespaceSchemaLocation="https://maven.apache.org/surefire/maven-surefire-plugin/xsd/surefire-test-report.xsd" version="3.0.2" name="com.ecommerce.shopping_client.ShoppingClientApplicationTests" time="1.213" tests="1" errors="0" skipped="0" failures="0" flakes="0">
  <properties>
[...]
</properties>
  <testcase name="contextLoads" classname="com.ecommerce.shopping_client.ShoppingClientApplicationTests" time="0.42">
    <system-out><![CDATA[21:11:04.980 [main] INFO org.springframework.test.context.support.AnnotationConfigContextLoaderUtils -- Could not detect default configuration classes for test class [com.ecommerce.shopping_client.ShoppingClientApplicationTests]: ShoppingClientApplicationTests does not declare any static, non-private, non-final, nested classes annotated with @Configuration.
21:11:05.051 [main] INFO org.springframework.boot.test.context.SpringBootTestContextBootstrapper -- Found @SpringBootConfiguration com.ecommerce.shopping_client.ShoppingClientApplication for test class com.ecommerce.shopping_client.ShoppingClientApplicationTests
21:11:05.112 [main] INFO org.springframework.test.context.support.AnnotationConfigContextLoaderUtils -- Could not detect default configuration classes for test class [com.ecommerce.shopping_client.ShoppingClientApplicationTests]: ShoppingClientApplicationTests does not declare any static, non-private, non-final, nested classes annotated with @Configuration.
21:11:05.113 [main] INFO org.springframework.boot.test.context.SpringBootTestContextBootstrapper -- Found @SpringBootConfiguration com.ecommerce.shopping_client.ShoppingClientApplication for test class com.ecommerce.shopping_client.ShoppingClientApplicationTests

  .   ____          _            __ _ _
 /\\ / ___'_ __ _ _(_)_ __  __ _ \ \ \ \
( ( )\___ | '_ | '_| | '_ \/ _` | \ \ \ \
 \\/  ___)| |_)| | | | | || (_| |  ) ) ) )
  '  |____| .__|_| |_|_| |_\__, | / / / /
 =========|_|==============|___/=/_/_/_/

 :: Spring Boot ::                (v4.1.1)

2026-09-11T21:11:05.320-03:00  INFO 5452 --- [shopping-client] [           main] c.e.s.ShoppingClientApplicationTests     : Starting ShoppingClientApplicationTests using Java 25.0.1 with PID 5452 (started by joao_m_lessa in C:\Users\joao_m_lessa\Documents\Microservicos\shopping-client-master)
2026-09-11T21:11:05.322-03:00  INFO 5452 --- [shopping-client] [           main] c.e.s.ShoppingClientApplicationTests     : No active profile set, falling back to 1 default profile: "default"
2026-09-11T21:11:05.643-03:00  INFO 5452 --- [shopping-client] [           main] c.e.s.ShoppingClientApplicationTests     : Started ShoppingClientApplicationTests in 0.493 seconds (process running for 1.17)
]]></system-out>
    <system-err><![CDATA[Mockito is currently self-attaching to enable the inline-mock-maker. This will no longer work in future releases of the JDK. Please add Mockito as an agent to your build as described in Mockito's documentation: https://javadoc.io/doc/org.mockito/mockito-core/latest/org.mockito/org/mockito/Mockito.html#0.3
WARNING: A Java agent has been loaded dynamically (C:\Users\joao_m_lessa\.m2\repository\net\bytebuddy\byte-buddy-agent\1.18.11\byte-buddy-agent-1.18.11.jar)
WARNING: If a serviceability tool is in use, please run with -XX:+EnableDynamicAgentLoading to hide this warning
WARNING: If a serviceability tool is not in use, please run with -Djdk.instrument.traceUsage for more information
WARNING: Dynamic loading of agents will be disallowed by default in a future release
]]></system-err>
  </testcase>
</testsuite>